<?xml version="1.0" encoding="UTF-8"?>
<testng-results ignored="0" total="6" passed="6" failed="0" skipped="0">
  <reporter-output>
  </reporter-output>
  <suite started-at="2018-11-16T19:32:07Z" name="Default suite" finished-at="2018-11-16T19:32:07Z" duration-ms="95">
    <groups>
    </groups>
    <test started-at="2018-11-16T19:32:07Z" name="Default test" finished-at="2018-11-16T19:32:07Z" duration-ms="95">
      <class name="LinkedList.copy.isnumeric">
        <test-method signature="isnumericwithinvalid(java.lang.String)[pri:0, instance:LinkedList.copy.isnumeric@2df9b86]" started-at="2018-11-16T19:32:07Z" name="isnumericwithinvalid" data-provider="Invalid test-data" finished-at="2018-11-16T19:32:07Z" duration-ms="19" status="PASS">
          <params>
            <param index="0">
              <value>
                <![CDATA[hi]]>
              </value>
            </param>
          </params>
          <reporter-output>
          </reporter-output>
        </test-method> <!-- isnumericwithinvalid -->
        <test-method signature="isnumericwithinvalid(java.lang.String)[pri:0, instance:LinkedList.copy.isnumeric@2df9b86]" started-at="2018-11-16T19:32:07Z" name="isnumericwithinvalid" data-provider="Invalid test-data" finished-at="2018-11-16T19:32:07Z" duration-ms="3" status="PASS">
          <params>
            <param index="0">
              <value>
                <![CDATA[2.456]]>
              </value>
            </param>
          </params>
          <reporter-output>
          </reporter-output>
        </test-method> <!-- isnumericwithinvalid -->
        <test-method signature="isnumericwithinvalid(java.lang.String)[pri:0, instance:LinkedList.copy.isnumeric@2df9b86]" started-at="2018-11-16T19:32:07Z" name="isnumericwithinvalid" data-provider="Invalid test-data" finished-at="2018-11-16T19:32:07Z" duration-ms="2" status="PASS">
          <params>
            <param index="0">
              <value>
                <![CDATA[1E10]]>
              </value>
            </param>
          </params>
          <reporter-output>
          </reporter-output>
        </test-method> <!-- isnumericwithinvalid -->
        <test-method signature="isnumericwithvaliddata(java.lang.String)[pri:0, instance:LinkedList.copy.isnumeric@2df9b86]" started-at="2018-11-16T19:32:07Z" name="isnumericwithvaliddata" data-provider="test-data" finished-at="2018-11-16T19:32:07Z" duration-ms="2" status="PASS">
          <params>
            <param index="0">
              <value>
                <![CDATA[123]]>
              </value>
            </param>
          </params>
          <reporter-output>
          </reporter-output>
        </test-method> <!-- isnumericwithvaliddata -->
        <test-method signature="isnumericwithvaliddata(java.lang.String)[pri:0, instance:LinkedList.copy.isnumeric@2df9b86]" started-at="2018-11-16T19:32:07Z" name="isnumericwithvaliddata" data-provider="test-data" finished-at="2018-11-16T19:32:07Z" duration-ms="2" status="PASS">
          <params>
            <param index="0">
              <value>
                <![CDATA[-12345]]>
              </value>
            </param>
          </params>
          <reporter-output>
          </reporter-output>
        </test-method> <!-- isnumericwithvaliddata -->
        <test-method signature="isnumericwithvaliddata(java.lang.String)[pri:0, instance:LinkedList.copy.isnumeric@2df9b86]" started-at="2018-11-16T19:32:07Z" name="isnumericwithvaliddata" data-provider="test-data" finished-at="2018-11-16T19:32:07Z" duration-ms="2" status="PASS">
          <params>
            <param index="0">
              <value>
                <![CDATA[1234567890]]>
              </value>
            </param>
          </params>
          <reporter-output>
          </reporter-output>
        </test-method> <!-- isnumericwithvaliddata -->
      </class> <!-- LinkedList.copy.isnumeric -->
    </test> <!-- Default test -->
  </suite> <!-- Default suite -->
</testng-results>
