<?xml version="1.0" encoding="UTF-8"?>
<testng-results ignored="0" total="1" passed="1" failed="0" skipped="0">
  <reporter-output>
  </reporter-output>
  <suite started-at="2018-09-27T23:52:19Z" name="Default suite" finished-at="2018-09-27T23:52:47Z" duration-ms="27669">
    <groups>
    </groups>
    <test started-at="2018-09-27T23:52:19Z" name="Default test" finished-at="2018-09-27T23:52:47Z" duration-ms="27669">
      <class name="Test.TestLoginPage">
        <test-method is-config="true" signature="Driversetup()[pri:0, instance:Test.TestLoginPage@7a419da4]" started-at="2018-09-27T23:52:19Z" name="Driversetup" finished-at="2018-09-27T23:52:25Z" duration-ms="6257" status="PASS">
          <reporter-output>
          </reporter-output>
        </test-method> <!-- Driversetup -->
        <test-method signature="SignIn()[pri:0, instance:Test.TestLoginPage@7a419da4]" started-at="2018-09-27T23:52:25Z" name="SignIn" finished-at="2018-09-27T23:52:46Z" duration-ms="21076" status="PASS">
          <reporter-output>
          </reporter-output>
        </test-method> <!-- SignIn -->
        <test-method is-config="true" signature="closeDriver()[pri:0, instance:Test.TestLoginPage@7a419da4]" started-at="2018-09-27T23:52:46Z" name="closeDriver" finished-at="2018-09-27T23:52:47Z" duration-ms="281" status="PASS">
          <reporter-output>
          </reporter-output>
        </test-method> <!-- closeDriver -->
      </class> <!-- Test.TestLoginPage -->
    </test> <!-- Default test -->
  </suite> <!-- Default suite -->
</testng-results>
