<?xml version="1.0" encoding="UTF-8"?>
<!-- Generated by org.testng.reporters.JUnitXMLReporter -->
<testsuite ignored="0" hostname="Wal-NiranjanSQLTest" failures="0" tests="6" name="Default test" time="0.095" errors="0" timestamp="16 Nov 2018 19:32:07 GMT">
  <testcase classname="LinkedList.copy.isnumeric" name="isnumericwithinvalid" time="0.019"/>
  <testcase classname="LinkedList.copy.isnumeric" name="isnumericwithinvalid" time="0.003"/>
  <testcase classname="LinkedList.copy.isnumeric" name="isnumericwithinvalid" time="0.002"/>
  <testcase classname="LinkedList.copy.isnumeric" name="isnumericwithvaliddata" time="0.002"/>
  <testcase classname="LinkedList.copy.isnumeric" name="isnumericwithvaliddata" time="0.002"/>
  <testcase classname="LinkedList.copy.isnumeric" name="isnumericwithvaliddata" time="0.002"/>
</testsuite> <!-- Default test -->
