<?xml version="1.0" encoding="UTF-8"?>
<testng-results ignored="0" total="1" passed="1" failed="0" skipped="0">
  <reporter-output>
  </reporter-output>
  <suite started-at="2018-10-14T02:44:07Z" name="Default suite" finished-at="2018-10-14T02:44:21Z" duration-ms="13706">
    <groups>
    </groups>
    <test started-at="2018-10-14T02:44:07Z" name="Default test" finished-at="2018-10-14T02:44:21Z" duration-ms="13706">
      <class name="mainscript.CallingMethodds">
        <test-method is-config="true" signature="main()[pri:0, instance:mainscript.CallingMethodds@56cdfb3b]" started-at="2018-10-14T02:44:07Z" name="main" finished-at="2018-10-14T02:44:09Z" duration-ms="1571" status="PASS">
          <reporter-output>
          </reporter-output>
        </test-method> <!-- main -->
        <test-method signature="testcase1()[pri:1, instance:mainscript.CallingMethodds@56cdfb3b]" started-at="2018-10-14T02:44:09Z" name="testcase1" finished-at="2018-10-14T02:44:19Z" duration-ms="10508" status="PASS">
          <reporter-output>
          </reporter-output>
        </test-method> <!-- testcase1 -->
        <test-method is-config="true" signature="checkresult(org.testng.ITestResult)[pri:0, instance:mainscript.CallingMethodds@56cdfb3b]" started-at="2018-10-14T02:44:19Z" name="checkresult" finished-at="2018-10-14T02:44:20Z" duration-ms="299" status="PASS">
          <params>
            <param index="0">
              <value>
                <![CDATA[[TestResult name=testcase1 status=SUCCESS method=CallingMethodds.testcase1()[pri:1, instance:mainscript.CallingMethodds@56cdfb3b] output={null}]]]>
              </value>
            </param>
          </params>
          <reporter-output>
          </reporter-output>
        </test-method> <!-- checkresult -->
        <test-method is-config="true" signature="closebrowser()[pri:0, instance:mainscript.CallingMethodds@56cdfb3b]" started-at="2018-10-14T02:44:20Z" name="closebrowser" finished-at="2018-10-14T02:44:21Z" duration-ms="1280" status="PASS">
          <reporter-output>
          </reporter-output>
        </test-method> <!-- closebrowser -->
      </class> <!-- mainscript.CallingMethodds -->
    </test> <!-- Default test -->
  </suite> <!-- Default suite -->
</testng-results>
