<?xml version="1.0" encoding="UTF-8"?>
<testng-results total="1" passed="1" failed="0" skipped="0">
  <reporter-output>
  </reporter-output>
  <suite started-at="2018-10-05T21:41:38Z" name="Default suite" finished-at="2018-10-05T21:41:38Z" duration-ms="56">
    <groups>
    </groups>
    <test started-at="2018-10-05T21:41:38Z" name="Default test" finished-at="2018-10-05T21:41:38Z" duration-ms="56">
      <class name="test.java.NewTest">
        <test-method is-config="true" signature="beforeTest()[pri:0, instance:test.java.NewTest@2a5c8d3f]" started-at="2018-10-05T17:41:38Z" name="beforeTest" finished-at="2018-10-05T17:41:38Z" duration-ms="13" status="PASS">
          <reporter-output>
          </reporter-output>
        </test-method> <!-- beforeTest -->
        <test-method signature="f()[pri:0, instance:test.java.NewTest@2a5c8d3f]" started-at="2018-10-05T17:41:38Z" name="f" finished-at="2018-10-05T17:41:38Z" duration-ms="16" status="PASS">
          <reporter-output>
          </reporter-output>
        </test-method> <!-- f -->
        <test-method is-config="true" signature="afterTest()[pri:0, instance:test.java.NewTest@2a5c8d3f]" started-at="2018-10-05T17:41:38Z" name="afterTest" finished-at="2018-10-05T17:41:38Z" duration-ms="0" status="PASS">
          <reporter-output>
          </reporter-output>
        </test-method> <!-- afterTest -->
      </class> <!-- test.java.NewTest -->
    </test> <!-- Default test -->
  </suite> <!-- Default suite -->
</testng-results>
