<?xml version="1.0" encoding="UTF-8"?>
<!-- Generated by org.testng.reporters.JUnitXMLReporter -->
<testsuite ignored="0" hostname="Wal-NiranjanSQLTest" failures="0" tests="11" name="Default test" time="15.759" errors="0" timestamp="29 Sep 2018 16:22:58 GMT">
  <testcase classname="TestCases.HybridExecuteTest" name="testLogin" time="3.806"/>
  <testcase classname="TestCases.HybridExecuteTest" name="testLogin" time="3.947"/>
  <testcase classname="TestCases.HybridExecuteTest" name="testLogin" time="0.413"/>
  <testcase classname="TestCases.HybridExecuteTest" name="testLogin" time="0.187"/>
  <testcase classname="TestCases.HybridExecuteTest" name="testLogin" time="0.122"/>
  <testcase classname="TestCases.HybridExecuteTest" name="testLogin" time="1.357"/>
  <testcase classname="TestCases.HybridExecuteTest" name="testLogin" time="2.945"/>
  <testcase classname="TestCases.HybridExecuteTest" name="testLogin" time="0.408"/>
  <testcase classname="TestCases.HybridExecuteTest" name="testLogin" time="0.155"/>
  <testcase classname="TestCases.HybridExecuteTest" name="testLogin" time="0.961"/>
  <testcase classname="TestCases.HybridExecuteTest" name="testLogin" time="0.092"/>
</testsuite> <!-- Default test -->
