<?xml version="1.0" encoding="UTF-8"?>
<testng-results total="1" passed="1" failed="0" skipped="0">
  <reporter-output>
  </reporter-output>
  <suite started-at="2018-10-05T21:19:51Z" name="test.java.NewTest" finished-at="2018-10-05T21:19:51Z" duration-ms="27">
    <groups>
    </groups>
    <test started-at="2018-10-05T21:19:51Z" name="Command line test" finished-at="2018-10-05T21:19:51Z" duration-ms="27">
      <class name="test.java.NewTest">
        <test-method is-config="true" signature="beforeTest()[pri:0, instance:test.java.NewTest@309e345f]" started-at="2018-10-05T17:19:51Z" name="beforeTest" finished-at="2018-10-05T17:19:51Z" duration-ms="11" status="PASS">
          <reporter-output>
          </reporter-output>
        </test-method> <!-- beforeTest -->
        <test-method is-config="true" signature="beforeMethod()[pri:0, instance:test.java.NewTest@309e345f]" started-at="2018-10-05T17:19:51Z" name="beforeMethod" finished-at="2018-10-05T17:19:51Z" duration-ms="1" status="PASS">
          <reporter-output>
          </reporter-output>
        </test-method> <!-- beforeMethod -->
        <test-method signature="f()[pri:0, instance:test.java.NewTest@309e345f]" started-at="2018-10-05T17:19:51Z" name="f" finished-at="2018-10-05T17:19:51Z" duration-ms="1" status="PASS">
          <reporter-output>
          </reporter-output>
        </test-method> <!-- f -->
        <test-method is-config="true" signature="afterMethod()[pri:0, instance:test.java.NewTest@309e345f]" started-at="2018-10-05T17:19:51Z" name="afterMethod" finished-at="2018-10-05T17:19:51Z" duration-ms="0" status="PASS">
          <reporter-output>
          </reporter-output>
        </test-method> <!-- afterMethod -->
        <test-method is-config="true" signature="afterTest()[pri:0, instance:test.java.NewTest@309e345f]" started-at="2018-10-05T17:19:51Z" name="afterTest" finished-at="2018-10-05T17:19:51Z" duration-ms="1" status="PASS">
          <reporter-output>
          </reporter-output>
        </test-method> <!-- afterTest -->
      </class> <!-- test.java.NewTest -->
    </test> <!-- Command line test -->
  </suite> <!-- test.java.NewTest -->
</testng-results>
